-- The C compiler identification is GNU 13.3.0
-- The CXX compiler identification is GNU 13.3.0
-- Detecting C compiler ABI info
-- Detecting C compiler ABI info - done
-- Check for working C compiler: /usr/bin/cc - skipped
-- Detecting C compile features
-- Detecting C compile features - done
-- Detecting CXX compiler ABI info
-- Detecting CXX compiler ABI info - done
-- Check for working CXX compiler: /usr/bin/c++ - skipped
-- Detecting CXX compile features
-- Detecting CXX compile features - done
-- Git commit: 56c67bc90051abb6a6afed79e6ea7dbd63487928
-- Git tag: -128-NOTFOUND
-- Git refspec: refs/heads/main
-- Performing Test CMAKE_HAVE_LIBC_PTHREAD
-- Performing Test CMAKE_HAVE_LIBC_PTHREAD - Success
-- Found Threads: TRUE  
-- Performing Test HAVE_STDATOMIC
-- Performing Test HAVE_STDATOMIC - Success
-- Found WrapAtomic: TRUE  
-- Found OpenGL: /usr/lib/x86_64-linux-gnu/libOpenGL.so   
-- Found WrapOpenGL: TRUE  
-- Found XKB: /usr/lib/x86_64-linux-gnu/libxkbcommon.so (found suitable version "1.6.0", minimum required is "0.5.0") 
-- Found WrapVulkanHeaders: /usr/include  
-- Found PkgConfig: /usr/bin/pkg-config (found version "1.8.1") 
-- Checking for module 'gamemode'
--   Found gamemode, version 1.8.1
-- Checking for module 'libqrencode'
--   Found libqrencode, version 4.1.1
-- Found LibArchive: /usr/lib/x86_64-linux-gnu/libarchive.so (found version "3.7.2") 
-- Found ZLIB: /usr/lib/x86_64-linux-gnu/libz.so (found version "1.3")  
-- Checking for one of the modules 'scdoc'
Installing in /home/ezfran/Downloads/PrismLauncher-develop/install. Run /home/ezfran/Downloads/PrismLauncher-develop/build/prefix.sh to set the environment for Launcher.
-- Performing Test COMPILER_HAS_HIDDEN_VISIBILITY
-- Performing Test COMPILER_HAS_HIDDEN_VISIBILITY - Success
-- Performing Test COMPILER_HAS_HIDDEN_INLINE_VISIBILITY
-- Performing Test COMPILER_HAS_HIDDEN_INLINE_VISIBILITY - Success
-- Performing Test COMPILER_HAS_DEPRECATED_ATTR
-- Performing Test COMPILER_HAS_DEPRECATED_ATTR - Success
-- Found Java: /usr/bin/java (found suitable version "17.0.19", minimum required is "1.7") found components: Development 
-- Using precompiled headers for applicable launcher targets
-- Enabling all warnings as errors for target 'Launcher_logic'
-- Enabling all warnings as errors for target 'LauncherVit'
CMake Warning at launcher/CMakeLists.txt:1615 (message):
  Unable to find `clang-format`.  Not creating custom target


-- Configuring done (1.6s)
-- Generating done (0.1s)
-- Build files have been written to: /home/ezfran/Downloads/PrismLauncher-develop/build
